<?xml version="1.0" encoding="UTF-8"?>
<!-- Generated by org.testng.reporters.JUnitReportReporter -->
<testsuite hostname="DESKTOP-DIRMDDB" failures="0" tests="1" name="Project_Amazon.Amazon.TestCase_1" time="7.297" errors="0" timestamp="2024-03-14T18:13:55 IST" skipped="0">
  <testcase classname="Project_Amazon.Amazon.TestCase_1" name="Correct_credentials" time="7.297"/>
  <system-out/>
</testsuite> <!-- Project_Amazon.Amazon.TestCase_1 -->
