<?xml version="1.0" encoding="UTF-8"?>
<!-- Generated by org.testng.reporters.JUnitReportReporter -->
<testsuite hostname="DESKTOP-DIRMDDB" failures="0" tests="1" name="Project_Amazon.Amazon.TestCase_4" time="13.978" errors="0" timestamp="2024-03-14T22:48:40 IST" skipped="0">
  <testcase classname="Project_Amazon.Amazon.TestCase_4" name="edit_profile" time="13.978"/>
  <system-out/>
</testsuite> <!-- Project_Amazon.Amazon.TestCase_4 -->
