<?xml version="1.0" encoding="UTF-8"?>
<!-- Generated by org.testng.reporters.JUnitReportReporter -->
<testsuite hostname="DESKTOP-DIRMDDB" failures="0" tests="1" name="Project_Amazon.Amazon.TestCase_5" time="15.173" errors="0" timestamp="2024-03-14T22:36:46 IST" skipped="0">
  <testcase classname="Project_Amazon.Amazon.TestCase_5" name="Searching_Product" time="15.173"/>
  <system-out/>
</testsuite> <!-- Project_Amazon.Amazon.TestCase_5 -->
