<?xml version="1.0" encoding="UTF-8"?>
<!-- Generated by org.testng.reporters.JUnitReportReporter -->
<testsuite hostname="DESKTOP-DIRMDDB" failures="0" tests="1" name="Utility.DataUtility" time="1.612" errors="0" timestamp="2024-03-14T15:45:14 IST" skipped="0">
  <testcase classname="Utility.DataUtility" name="fetch_data" time="1.612"/>
  <system-out/>
</testsuite> <!-- Utility.DataUtility -->
